0 info it worked if it ends with ok
1 verbose cli [ 'node', '/usr/local/bin/npm', 'run-script', 'coverage' ]
2 info using npm@1.4.23
3 info using node@v0.10.30
4 verbose node symlink /usr/local/bin/node
5 verbose run-script [ 'precoverage', 'coverage', 'postcoverage' ]
6 info precoverage tddtest@0.0.0
7 info coverage tddtest@0.0.0
8 verbose unsafe-perm in lifecycle true
9 info tddtest@0.0.0 Failed to exec coverage script
10 error tddtest@0.0.0 coverage: `istanbul cover node_modules/mocha/bin/_mocha -- -u tdd -R spec tests/*.js`
10 error Exit status 126
11 error Failed at the tddtest@0.0.0 coverage script.
11 error This is most likely a problem with the tddtest package,
11 error not with npm itself.
11 error Tell the author that this fails on your system:
11 error     istanbul cover node_modules/mocha/bin/_mocha -- -u tdd -R spec tests/*.js
11 error You can get their info via:
11 error     npm owner ls tddtest
11 error There is likely additional logging output above.
12 error System Darwin 13.3.0
13 error command "node" "/usr/local/bin/npm" "run-script" "coverage"
14 error cwd /Users/fupet/PhpstormProjects/frontendTDD
15 error node -v v0.10.30
16 error npm -v 1.4.23
17 error code ELIFECYCLE
18 verbose exit [ 1, true ]
